"blank"			"=========================="
"blank"			"#Valve_Movement_Title"
"blank"			"=========================="
"+forward"		"#Valve_Move_Forward"
"+back"			"#Valve_Move_Back"
"+left"			"#Valve_Turn_Left"
"+right"		"#Valve_Turn_Right"
"+moveleft"		"#Valve_Move_Left"
"+moveright"	"#Valve_Move_Right"
"+speed"        "#Valve_Walk"
"+jump"			"#Valve_Jump"
"+duck"			"#Valve_Duck"
"+sjump"		"#Valve_SuperJump"
"+moveup"		"#Valve_Swim_Up"
"+movedown"		"#Valve_Swim_Down"
"+lookup"		"#Valve_Look_Up"
"+lookdown"		"#Valve_Look_Down"
"centerview"	"#Cstrike_Reset_View"
"+strafe"		"#Valve_Strafe_Modifier"
"+mlook"		"#Cstrike_Mouse_Look"
"+klook"		"#Cstrike_Keyboard_Look"
"blank"			"=========================="
"blank"			"#Valve_Communication_Title"
"blank"			"=========================="
"+voicerecord"	"#Valve_Use_Voice_Communication"
"radio1"		"#Cstrike_Standard_Radio"
"radio2"		"#Cstrike_Group_Radio"
"radio3"		"#Cstrike_Report_Radio"
"+commandmenu"	"#Valve_Activate_In_Game_GUI"
"messagemode"	"#Valve_Chat_Message"
"messagemode2"	"#Valve_Team_Message"
"blank"			"=========================="
"blank"			"#Cstrike_Menu_Title"
"blank"			"=========================="
"buy" 			"#Cstrike_Buy_Menu"
"buyammo1"   	"#Cstrike_Buy_Primary_Ammo"
"buyammo2" 		"#Cstrike_Buy_Secondary_Ammo"
"buyequip"		"#Cstrike_Buy_Equip_Menu"
"autobuy"   "#Cstrike_Auto_Buy"
"rebuy"		"#Cstrike_ReBuy"
"chooseteam" 	"#Cstrike_Select_Team"
"slot10"		"#Cstrike_Menu_Item_0"
"slot1"			"#Cstrike_Menu_Item_1"
"slot2"			"#Cstrike_Menu_Item_2"
"slot3" 		"#Cstrike_Menu_Item_3"
"slot4"			"#Cstrike_Menu_Item_4"
"slot5"			"#Cstrike_Menu_Item_5"
"slot6"			"#Cstrike_Menu_Item_6"
"slot7"			"#Cstrike_Menu_Item_7"
"slot8"			"#Cstrike_Menu_Item_8"
"slot9"			"#Cstrike_Menu_Item_9"
"+showscores"	"#Valve_Display_Scores"
"showbriefing"	"#Cstrike_Mission_Briefing"
"blank"			"=========================="
"blank"			"#Cstrike_Combat_Title"
"blank"			"=========================="
"+attack"		"#Cstrike_Fire"
"+attack2"		"#Cstrike_Weapon_Special_Func"
"+reload"		"#Valve_Reload_Weapon"
"invprev"		"#Valve_Previous_Weapon"
"invnext"		"#Valve_Next_Weapon"
"lastinv"		"#Valve_Last_Weapon_Used"
"nightvision"	"#Cstrike_Nightvision"
"drop"	 		"#Cstrike_Drop_Weapon"
"blank"			"=========================="
"blank"			"#Valve_Miscellaneous_Title"
"blank"			"=========================="
"+use"			"#Valve_Use_Items"
"impulse 100"	"#Valve_Flashlight"
"impulse 201"	"#Valve_Spray_Logo"
"timeleft"		"#Cstrike_timeleft"
"snapshot"		"#Valve_Take_Screen_Shot"
"cheer"			"#Valve_Cheer"
"quit"			"#Valve_Quit_Game"
"blank"			"=========================="
"blank"			"#Cstrike_BuyMenu_b1"
"blank"			"=========================="
"glock;secammo;"	"#Cstrike_BuyMenu_b11"
"usp;secammo;"          "#Cstrike_BuyMenu_b12"
"p228;secammo;"	        "#Cstrike_BuyMenu_b13"
"deagle;secammo;"	"#Cstrike_BuyMenu_b14"
"fn57;secammo;"   	"#Cstrike_BuyMenu_b15"
"elites;secammo;"	"#Cstrike_BuyMenu_b16"
"blank"			"=========================="
"blank"			"#Cstrike_BuyMenu_b2"
"blank"			"=========================="
"m3;primammo;"		"#Cstrike_BuyMenu_b21"
"xm1014;primammo;"	"#Cstrike_BuyMenu_b22"
"blank"			"=========================="
"blank"			"#Cstrike_BuyMenu_b3"
"blank"			"=========================="
"tmp;mac10;primammo;"	"#Cstrike_BuyMenu_b31"
"mp5;primammo;"	        "#Cstrike_BuyMenu_b32"
"ump45;primammo;"	"#Cstrike_BuyMenu_b33"
"p90;primammo;"	        "#Cstrike_BuyMenu_b34"
"blank"			"=========================="
"blank"			"#Cstrike_BuyMenu_b4"
"blank"			"=========================="
"famas;galil;primammo;"	"#Cstrike_BuyMenu_b41"
"ak47;m4a1;primammo;"	"#Cstrike_BuyMenu_b42"
"sg552;aug;primammo;"	"#Cstrike_BuyMenu_b43"
"scout;primammo;"	"#Cstrike_BuyMenu_b44"
"awp;primammo;"		"#Cstrike_BuyMenu_b45"
"g3sg1;sg550;primammo;"	"#Cstrike_BuyMenu_b46"
"blank"			"=========================="
"blank"			"#Cstrike_BuyMenu_b5"
"blank"			"=========================="
"m249;primammo;"	"#Cstrike_BuyMenu_b51"
"blank"			"=========================="
"blank"			"#Cstrike_BuyMenu_b8"
"blank"			"=========================="
"vest"			"#Cstrike_BuyMenu_b81"
"vesthelm"		"#Cstrike_BuyMenu_b82"
"flash"			"#Cstrike_BuyMenu_b83"
"flash;flash"           "#Cstrike_BuyMenu_b84"
"hegren"		"#Cstrike_BuyMenu_b85"
"sgren"			"#Cstrike_BuyMenu_b86"
"defuser"		"#Cstrike_BuyMenu_b87"
"nvgs"			"#Cstrike_BuyMenu_b88"
"shield"		"#Cstrike_BuyMenu_b89"
"blank"			"=========================="
"blank"			"#Cstrike_BuyMenu_suit"
"blank"			"=========================="
"deagle;secammo;vesthelm;vest;hegren;flash;flash;defuser;secammo;"		"#Cstrike_BuyMenu_suit_deagle"
"shield;vesthelm;vest;hegren;flash;flash;defuser;secammo;"			"#Cstrike_BuyMenu_suit_shield"
"mp5;primammo;vesthelm;vest;hegren;flash;flash;defuser;secammo;"		"#Cstrike_BuyMenu_suit_mp5"
"famas;galil;primammo;vesthelm;vest;hegren;flash;flash;defuser;secammo;"	"#Cstrike_BuyMenu_suit_famas_galil"
"m4a1;ak47;primammo;vesthelm;vest;hegren;flash;flash;defuser;secammo;"		"#Cstrike_BuyMenu_suit_m4a1_ak47"
"aug;sg552;primammo;vesthelm;vest;hegren;flash;flash;defuser;secammo;"		"#Cstrike_BuyMenu_suit_aug_sg552"
"awp;vesthelm;vest;deagle;secammo;hegren;flash;flash;defuser;"			"#Cstrike_BuyMenu_suit_awp"
"vestheml;vest;hegren;flash;flash;sgren;defuser;"				"#Cstrike_BuyMenu_suit_all"
"blank"			"=========================="
"blank"			"#Cstrike_Change_weapon"
"blank"			"=========================="
"weapon_flashbang"	"#Cstrike_Change_weapon_flash"
"weapon_hegrenade"	"#Cstrike_Change_weapon_he"
"weapon_smokegrenade"	"#Cstrike_Change_weapon_smoke"
"weapon_c4"		"#Cstrike_Change_weapon_c4"
"blank"			"=========================="
"blank"			"#Cstrike_rbot"
"blank"			"=========================="
"bot_add"		"#Cstrike_bot_add"
"bot_quota 31"		"#Cstrike_bot_add_many"
"bot_kick"		"#Cstrike_bot_kick_all"
"bot_kill"		"#Cstrike_bot_end"
"blank"			"=========================="
"blank"			"#Cstrike_demo"
"blank"			"=========================="
"rec_start"              "#Cstrike_rec_start"
"rec_stop"               "#Cstrike_rec_stop"
"host_playdemo"          "#Cstrike_playdemo"
"sw2"                    "#Cstrike_sw2"
"slowmotion"             "#Cstrike_slowmotion"
"pauser"                 "#Cstrike_pauser"
"fastforward"            "#Cstrike_fastforward"
"fw2"                    "#Cstrike_fw2""timeleft;exec csay.cfg"                     "#timeleft"
"timeleft;exec csay.cfg"                     "#timeleft"
"timeleft;exec csay.cfg"                     "#timeleft"
